<?xml version="1.0" encoding="UTF-8"?>
<testng-results skipped="0" failed="0" ignored="0" total="1" passed="1">
  <reporter-output>
  </reporter-output>
  <suite name="Suite" duration-ms="41" started-at="2020-06-13T15:30:06 IST" finished-at="2020-06-13T15:30:06 IST">
    <groups>
    </groups>
    <test name="Test" duration-ms="41" started-at="2020-06-13T15:30:06 IST" finished-at="2020-06-13T15:30:06 IST">
      <class name="pkg1.NewTest">
        <test-method status="PASS" signature="f()[pri:0, instance:pkg1.NewTest@2e377400]" name="f" duration-ms="11" started-at="2020-06-13T15:30:06 IST" finished-at="2020-06-13T15:30:06 IST">
          <reporter-output>
          </reporter-output>
        </test-method> <!-- f -->
      </class> <!-- pkg1.NewTest -->
    </test> <!-- Test -->
  </suite> <!-- Suite -->
</testng-results>
